2024-11-21 20:56:02,039 - MainThread - sqlmesh.core.config.connection - INFO - Creating new DuckDB adapter for in-memory database (connection.py:325)
2024-11-21 20:56:02,095 - MainThread - sqlmesh.core.config.scheduler - WARNING - The snowflake engine is not recommended for storing SQLMesh state in production deployments. Please see https://sqlmesh.readthedocs.io/en/stable/guides/configuration/#state-connection for a list of recommended engines and more information. (scheduler.py:94)
2024-11-21 20:56:02,100 - MainThread - snowflake.connector.connection - INFO - Snowflake Connector for Python Version: 3.12.3, Python Version: 3.10.2, Platform: Windows-10-10.0.19045-SP0 (connection.py:414)
2024-11-21 20:56:02,101 - MainThread - snowflake.connector.connection - INFO - Connecting to GLOBAL Snowflake domain (connection.py:1197)
2024-11-21 20:56:02,101 - MainThread - snowflake.connector.connection - INFO - This connection is in OCSP Fail Open Mode. TLS Certificates would be checked for validity and revocation status. Any other Certificate Revocation related exceptions or OCSP Responder failures would be disregarded in favor of connectivity. (connection.py:1278)
2024-11-21 20:56:04,085 - MainThread - snowflake.connector.cursor - INFO - Number of results in first chunk: 3 (cursor.py:1166)
2024-11-21 20:56:04,294 - MainThread - snowflake.connector.cursor - INFO - Number of results in first chunk: 1 (cursor.py:1166)
2024-11-21 20:56:04,484 - MainThread - snowflake.connector.cursor - INFO - Number of results in first chunk: 1 (cursor.py:1166)
2024-11-21 20:56:04,685 - MainThread - snowflake.connector.cursor - INFO - Number of results in first chunk: 1 (cursor.py:1166)
2024-11-21 20:56:04,884 - MainThread - snowflake.connector.cursor - INFO - Number of results in first chunk: 3 (cursor.py:1166)
2024-11-21 20:56:05,033 - MainThread - snowflake.connector.cursor - INFO - Number of results in first chunk: 1 (cursor.py:1166)
2024-11-21 20:56:05,230 - MainThread - snowflake.connector.cursor - INFO - Number of results in first chunk: 1 (cursor.py:1166)
2024-11-21 20:56:05,430 - MainThread - snowflake.connector.cursor - INFO - Number of results in first chunk: 1 (cursor.py:1166)
2024-11-21 20:56:05,788 - MainThread - snowflake.connector.cursor - INFO - Number of results in first chunk: 1 (cursor.py:1166)
2024-11-21 20:56:05,987 - MainThread - snowflake.connector.cursor - INFO - Number of results in first chunk: 1 (cursor.py:1166)
2024-11-21 20:56:06,816 - MainThread - snowflake.connector.cursor - INFO - Number of results in first chunk: 8 (cursor.py:1166)
2024-11-21 20:56:06,986 - MainThread - snowflake.connector.cursor - INFO - Number of results in first chunk: 1 (cursor.py:1166)
2024-11-21 20:56:07,287 - MainThread - snowflake.connector.cursor - INFO - Number of results in first chunk: 8 (cursor.py:1166)
2024-11-21 20:56:07,485 - MainThread - snowflake.connector.cursor - INFO - Number of results in first chunk: 1 (cursor.py:1166)
2024-11-21 20:56:07,785 - MainThread - snowflake.connector.cursor - INFO - Number of results in first chunk: 0 (cursor.py:1166)
2024-11-21 20:56:07,984 - MainThread - snowflake.connector.cursor - INFO - Number of results in first chunk: 1 (cursor.py:1166)
2024-11-21 20:56:08,184 - MainThread - snowflake.connector.cursor - INFO - Number of results in first chunk: 1 (cursor.py:1166)
2024-11-21 20:56:08,384 - MainThread - snowflake.connector.cursor - INFO - Number of results in first chunk: 1 (cursor.py:1166)
2024-11-21 20:56:08,591 - MainThread - snowflake.connector.cursor - INFO - Number of results in first chunk: 1 (cursor.py:1166)
2024-11-21 20:56:08,733 - MainThread - snowflake.connector.cursor - INFO - Number of results in first chunk: 1 (cursor.py:1166)
2024-11-21 20:56:08,984 - MainThread - snowflake.connector.cursor - INFO - Number of results in first chunk: 2 (cursor.py:1166)
2024-11-21 20:56:09,132 - MainThread - snowflake.connector.cursor - INFO - Number of results in first chunk: 1 (cursor.py:1166)
2024-11-21 20:56:19,393 - ThreadPoolExecutor-9_0 - sqlmesh.core.snapshot.evaluator - INFO - Listing data objects in schema NB_DEMOS.sqlmesh__SQLMESH_EXAMPLE (evaluator.py:282)
2024-11-21 20:56:19,395 - ThreadPoolExecutor-9_0 - snowflake.connector.connection - INFO - Snowflake Connector for Python Version: 3.12.3, Python Version: 3.10.2, Platform: Windows-10-10.0.19045-SP0 (connection.py:414)
2024-11-21 20:56:19,395 - ThreadPoolExecutor-9_0 - snowflake.connector.connection - INFO - Connecting to GLOBAL Snowflake domain (connection.py:1197)
2024-11-21 20:56:19,396 - ThreadPoolExecutor-9_0 - snowflake.connector.connection - INFO - This connection is in OCSP Fail Open Mode. TLS Certificates would be checked for validity and revocation status. Any other Certificate Revocation related exceptions or OCSP Responder failures would be disregarded in favor of connectivity. (connection.py:1278)
2024-11-21 20:56:20,956 - ThreadPoolExecutor-9_0 - sqlmesh.core.engine_adapter.base - INFO - Executing SQL: SELECT CURRENT_DATABASE() (base.py:2062)
2024-11-21 20:56:21,127 - ThreadPoolExecutor-9_0 - snowflake.connector.cursor - INFO - Number of results in first chunk: 1 (cursor.py:1166)
2024-11-21 20:56:21,267 - ThreadPoolExecutor-9_0 - snowflake.connector.cursor - INFO - Number of results in first chunk: 1 (cursor.py:1166)
2024-11-21 20:56:21,271 - ThreadPoolExecutor-9_0 - sqlmesh.core.engine_adapter.base - INFO - Executing SQL: SELECT CURRENT_DATABASE() (base.py:2062)
2024-11-21 20:56:21,474 - ThreadPoolExecutor-9_0 - snowflake.connector.cursor - INFO - Number of results in first chunk: 1 (cursor.py:1166)
2024-11-21 20:56:21,657 - ThreadPoolExecutor-9_0 - snowflake.connector.cursor - INFO - Number of results in first chunk: 1 (cursor.py:1166)
2024-11-21 20:56:21,676 - ThreadPoolExecutor-9_0 - sqlmesh.core.engine_adapter.base - INFO - Executing SQL: SELECT DISTINCT "TABLE_CATALOG" AS "catalog", "TABLE_NAME" AS "name", "TABLE_SCHEMA" AS "schema_name", CASE WHEN "TABLE_TYPE" = 'BASE TABLE' AND "IS_DYNAMIC" = 'YES' THEN 'MANAGED_TABLE' WHEN "TABLE_TYPE" = 'BASE TABLE' THEN 'TABLE' WHEN "TABLE_TYPE" = 'TEMPORARY TABLE' THEN 'TABLE' WHEN "TABLE_TYPE" = 'LOCAL TEMPORARY' THEN 'TABLE' WHEN "TABLE_TYPE" = 'EXTERNAL TABLE' THEN 'TABLE' WHEN "TABLE_TYPE" = 'EVENT TABLE' THEN 'TABLE' WHEN "TABLE_TYPE" = 'VIEW' THEN 'VIEW' WHEN "TABLE_TYPE" = 'MATERIALIZED VIEW' THEN 'MATERIALIZED_VIEW' ELSE "TABLE_TYPE" END AS "type", "CLUSTERING_KEY" AS "clustering_key" FROM "NB_DEMOS"."INFORMATION_SCHEMA"."TABLES" WHERE "TABLE_SCHEMA" = 'sqlmesh__SQLMESH_EXAMPLE' AND "TABLE_NAME" IN ('SQLMESH_EXAMPLE__SEED_MODEL__371811167', 'SQLMESH_EXAMPLE__CUSTOM_TEST__4174239280') (base.py:2062)
2024-11-21 20:56:22,831 - ThreadPoolExecutor-9_0 - snowflake.connector.cursor - INFO - Number of results in first chunk: 1 (cursor.py:1166)
2024-11-21 20:56:23,030 - ThreadPoolExecutor-9_0 - snowflake.connector.cursor - INFO - Number of results in first chunk: 1 (cursor.py:1166)
2024-11-21 20:56:23,044 - MainThread - snowflake.connector.connection - INFO - closed (connection.py:789)
2024-11-21 20:56:23,222 - MainThread - snowflake.connector.connection - INFO - No async queries seem to be running, deleting session (connection.py:795)
2024-11-21 20:56:23,361 - MainThread - sqlmesh.core.snapshot.evaluator - INFO - Creating schema 'NB_DEMOS.sqlmesh__SQLMESH_EXAMPLE' (evaluator.py:906)
2024-11-21 20:56:23,362 - MainThread - snowflake.connector.connection - INFO - Snowflake Connector for Python Version: 3.12.3, Python Version: 3.10.2, Platform: Windows-10-10.0.19045-SP0 (connection.py:414)
2024-11-21 20:56:23,362 - MainThread - snowflake.connector.connection - INFO - Connecting to GLOBAL Snowflake domain (connection.py:1197)
2024-11-21 20:56:23,363 - MainThread - snowflake.connector.connection - INFO - This connection is in OCSP Fail Open Mode. TLS Certificates would be checked for validity and revocation status. Any other Certificate Revocation related exceptions or OCSP Responder failures would be disregarded in favor of connectivity. (connection.py:1278)
2024-11-21 20:56:24,927 - MainThread - sqlmesh.core.engine_adapter.base - INFO - Executing SQL: CREATE SCHEMA IF NOT EXISTS "NB_DEMOS"."sqlmesh__SQLMESH_EXAMPLE" (base.py:2062)
2024-11-21 20:56:25,124 - MainThread - snowflake.connector.cursor - INFO - Number of results in first chunk: 1 (cursor.py:1166)
2024-11-21 20:56:25,324 - MainThread - snowflake.connector.cursor - INFO - Number of results in first chunk: 1 (cursor.py:1166)
2024-11-21 20:56:25,325 - ThreadPoolExecutor-13_0 - snowflake.connector.connection - INFO - Snowflake Connector for Python Version: 3.12.3, Python Version: 3.10.2, Platform: Windows-10-10.0.19045-SP0 (connection.py:414)
2024-11-21 20:56:25,325 - ThreadPoolExecutor-13_0 - snowflake.connector.connection - INFO - Connecting to GLOBAL Snowflake domain (connection.py:1197)
2024-11-21 20:56:25,326 - ThreadPoolExecutor-13_0 - snowflake.connector.connection - INFO - This connection is in OCSP Fail Open Mode. TLS Certificates would be checked for validity and revocation status. Any other Certificate Revocation related exceptions or OCSP Responder failures would be disregarded in favor of connectivity. (connection.py:1278)
2024-11-21 20:56:26,738 - ThreadPoolExecutor-13_0 - sqlmesh.core.snapshot.evaluator - INFO - Creating table 'NB_DEMOS.sqlmesh__SQLMESH_EXAMPLE.SQLMESH_EXAMPLE__CUSTOM_TEST__4174239280' (evaluator.py:1196)
2024-11-21 20:56:26,739 - ThreadPoolExecutor-13_0 - sqlmesh.core.engine_adapter.base - INFO - Executing SQL: CREATE TABLE IF NOT EXISTS "NB_DEMOS"."sqlmesh__SQLMESH_EXAMPLE"."SQLMESH_EXAMPLE__CUSTOM_TEST__4174239280" ("ID" INT, "ITEM_ID" INT) (base.py:2062)
2024-11-21 20:56:27,021 - ThreadPoolExecutor-13_0 - snowflake.connector.cursor - INFO - Number of results in first chunk: 1 (cursor.py:1166)
2024-11-21 20:56:27,021 - ThreadPoolExecutor-13_0 - sqlmesh.core.snapshot.evaluator - INFO - Dry running model 'sqlmesh_example.custom_test' (evaluator.py:1218)
2024-11-21 20:56:27,023 - ThreadPoolExecutor-13_0 - sqlmesh.core.engine_adapter.base - INFO - Executing SQL: SELECT "SEED_MODEL"."ID" AS "ID", "SEED_MODEL"."ITEM_ID" AS "ITEM_ID" FROM NB_DEMOS."sqlmesh__SQLMESH_EXAMPLE"."SQLMESH_EXAMPLE__SEED_MODEL__371811167" AS "SEED_MODEL" WHERE FALSE LIMIT 0 (base.py:2062)
2024-11-21 20:56:27,434 - ThreadPoolExecutor-13_0 - snowflake.connector.cursor - INFO - Number of results in first chunk: 0 (cursor.py:1166)
2024-11-21 20:56:27,626 - ThreadPoolExecutor-13_0 - snowflake.connector.cursor - INFO - Number of results in first chunk: 1 (cursor.py:1166)
2024-11-21 20:56:27,645 - MainThread - snowflake.connector.connection - INFO - closed (connection.py:789)
2024-11-21 20:56:27,823 - MainThread - snowflake.connector.connection - INFO - No async queries seem to be running, deleting session (connection.py:795)
2024-11-21 20:56:28,227 - MainThread - snowflake.connector.cursor - INFO - Number of results in first chunk: 0 (cursor.py:1166)
2024-11-21 20:56:28,426 - MainThread - snowflake.connector.cursor - INFO - Number of results in first chunk: 1 (cursor.py:1166)
2024-11-21 20:56:28,726 - MainThread - snowflake.connector.cursor - INFO - Number of results in first chunk: 1 (cursor.py:1166)
2024-11-21 20:56:28,955 - MainThread - snowflake.connector.cursor - INFO - Number of results in first chunk: 1 (cursor.py:1166)
2024-11-21 20:56:31,625 - MainThread - snowflake.connector.cursor - INFO - Number of results in first chunk: 1 (cursor.py:1166)
2024-11-21 20:56:32,023 - MainThread - snowflake.connector.cursor - INFO - Number of results in first chunk: 9 (cursor.py:1166)
2024-11-21 20:56:32,231 - MainThread - snowflake.connector.cursor - INFO - Number of results in first chunk: 1 (cursor.py:1166)
2024-11-21 20:56:32,446 - MainThread - snowflake.connector.cursor - INFO - Number of results in first chunk: 1 (cursor.py:1166)
2024-11-21 20:56:33,427 - MainThread - snowflake.connector.cursor - INFO - Number of results in first chunk: 1 (cursor.py:1166)
2024-11-21 20:56:34,658 - MainThread - snowflake.connector.cursor - INFO - Number of results in first chunk: 1 (cursor.py:1166)
2024-11-21 20:56:34,826 - MainThread - snowflake.connector.cursor - INFO - Number of results in first chunk: 1 (cursor.py:1166)
2024-11-21 20:56:35,077 - MainThread - snowflake.connector.cursor - INFO - Number of results in first chunk: 0 (cursor.py:1166)
2024-11-21 20:56:35,250 - MainThread - snowflake.connector.cursor - INFO - Number of results in first chunk: 1 (cursor.py:1166)
2024-11-21 20:56:35,461 - MainThread - snowflake.connector.cursor - INFO - Number of results in first chunk: 1 (cursor.py:1166)
2024-11-21 20:56:35,613 - MainThread - snowflake.connector.cursor - INFO - Number of results in first chunk: 1 (cursor.py:1166)
2024-11-21 20:56:35,625 - ThreadPoolExecutor-24_0 - sqlmesh.core.snapshot.evaluator - INFO - Evaluating snapshot SnapshotId<"NB_DEMOS"."SQLMESH_EXAMPLE"."CUSTOM_TEST": 1327394133> (evaluator.py:508)
2024-11-21 20:56:35,629 - ThreadPoolExecutor-24_0 - snowflake.connector.connection - INFO - Snowflake Connector for Python Version: 3.12.3, Python Version: 3.10.2, Platform: Windows-10-10.0.19045-SP0 (connection.py:414)
2024-11-21 20:56:35,629 - ThreadPoolExecutor-24_0 - snowflake.connector.connection - INFO - Connecting to GLOBAL Snowflake domain (connection.py:1197)
2024-11-21 20:56:35,630 - ThreadPoolExecutor-24_0 - snowflake.connector.connection - INFO - This connection is in OCSP Fail Open Mode. TLS Certificates would be checked for validity and revocation status. Any other Certificate Revocation related exceptions or OCSP Responder failures would be disregarded in favor of connectivity. (connection.py:1278)
2024-11-21 20:56:37,063 - ThreadPoolExecutor-24_0 - sqlmesh.core.snapshot.evaluator - INFO - Inserting batch (2024-11-20 00:00:00+00:00, 2024-11-21 00:00:00+00:00) into NB_DEMOS.sqlmesh__SQLMESH_EXAMPLE.SQLMESH_EXAMPLE__CUSTOM_TEST__4174239280' (evaluator.py:538)
2024-11-21 20:56:37,068 - ThreadPoolExecutor-24_0 - sqlmesh.core.engine_adapter.base - INFO - Executing SQL: CREATE OR REPLACE TABLE "NB_DEMOS"."sqlmesh__SQLMESH_EXAMPLE"."SQLMESH_EXAMPLE__CUSTOM_TEST__4174239280" AS SELECT CAST("ID" AS INT) AS "ID", CAST("ITEM_ID" AS INT) AS "ITEM_ID" FROM (SELECT "SEED_MODEL"."ID" AS "ID", "SEED_MODEL"."ITEM_ID" AS "ITEM_ID" FROM "NB_DEMOS"."sqlmesh__SQLMESH_EXAMPLE"."SQLMESH_EXAMPLE__SEED_MODEL__371811167" AS "SEED_MODEL") AS "_subquery" (base.py:2062)
2024-11-21 20:56:37,684 - ThreadPoolExecutor-24_0 - snowflake.connector.cursor - INFO - Number of results in first chunk: 1 (cursor.py:1166)
2024-11-21 20:56:37,943 - ThreadPoolExecutor-24_0 - snowflake.connector.cursor - INFO - Number of results in first chunk: 1 (cursor.py:1166)
2024-11-21 20:56:37,944 - ThreadPoolExecutor-24_0 - sqlmesh.core.snapshot.evaluator - INFO - Auditing snapshot SnapshotId<"NB_DEMOS"."SQLMESH_EXAMPLE"."CUSTOM_TEST": 1327394133> (evaluator.py:428)
2024-11-21 20:56:37,949 - ThreadPoolExecutor-24_0 - sqlmesh.core.engine_adapter.base - INFO - Executing SQL: DESCRIBE TABLE "NB_DEMOS"."sqlmesh__SQLMESH_EXAMPLE"."SQLMESH_EXAMPLE__CUSTOM_TEST__4174239280" (base.py:2062)
2024-11-21 20:56:38,153 - ThreadPoolExecutor-24_0 - snowflake.connector.cursor - INFO - Number of results in first chunk: 2 (cursor.py:1166)
2024-11-21 20:56:38,344 - ThreadPoolExecutor-24_0 - snowflake.connector.cursor - INFO - Number of results in first chunk: 1 (cursor.py:1166)
2024-11-21 20:56:38,375 - ThreadPoolExecutor-24_0 - sqlmesh.core.engine_adapter.base - INFO - Executing SQL: SELECT COUNT(*) FROM (SELECT * FROM (SELECT * FROM "NB_DEMOS"."sqlmesh__SQLMESH_EXAMPLE"."SQLMESH_EXAMPLE__CUSTOM_TEST__4174239280" AS "SQLMESH_EXAMPLE__CUSTOM_TEST__4174239280") AS "_Q_0" WHERE ("ID") IS NULL AND TRUE) AS "audit" (base.py:2062)
2024-11-21 20:56:38,584 - ThreadPoolExecutor-24_0 - snowflake.connector.cursor - INFO - Number of results in first chunk: 1 (cursor.py:1166)
2024-11-21 20:56:38,842 - ThreadPoolExecutor-24_0 - snowflake.connector.cursor - INFO - Number of results in first chunk: 1 (cursor.py:1166)
2024-11-21 20:56:38,846 - ThreadPoolExecutor-24_0 - snowflake.connector.connection - INFO - Snowflake Connector for Python Version: 3.12.3, Python Version: 3.10.2, Platform: Windows-10-10.0.19045-SP0 (connection.py:414)
2024-11-21 20:56:38,847 - ThreadPoolExecutor-24_0 - snowflake.connector.connection - INFO - Connecting to GLOBAL Snowflake domain (connection.py:1197)
2024-11-21 20:56:38,847 - ThreadPoolExecutor-24_0 - snowflake.connector.connection - INFO - This connection is in OCSP Fail Open Mode. TLS Certificates would be checked for validity and revocation status. Any other Certificate Revocation related exceptions or OCSP Responder failures would be disregarded in favor of connectivity. (connection.py:1278)
2024-11-21 20:56:40,445 - ThreadPoolExecutor-24_0 - sqlmesh.core.state_sync.engine_adapter - INFO - Adding interval (1732060800000, 1732147200000) for snapshot SnapshotId<"NB_DEMOS"."SQLMESH_EXAMPLE"."CUSTOM_TEST": 1327394133> (engine_adapter.py:933)
2024-11-21 20:56:40,650 - ThreadPoolExecutor-24_0 - snowflake.connector.cursor - INFO - Number of results in first chunk: 1 (cursor.py:1166)
2024-11-21 20:56:40,940 - ThreadPoolExecutor-24_0 - snowflake.connector.cursor - INFO - Number of results in first chunk: 1 (cursor.py:1166)
2024-11-21 20:56:41,138 - ThreadPoolExecutor-24_0 - snowflake.connector.cursor - INFO - Number of results in first chunk: 1 (cursor.py:1166)
2024-11-21 20:56:43,443 - ThreadPoolExecutor-24_0 - snowflake.connector.cursor - INFO - Number of results in first chunk: 1 (cursor.py:1166)
2024-11-21 20:56:43,842 - ThreadPoolExecutor-24_0 - snowflake.connector.cursor - INFO - Number of results in first chunk: 10 (cursor.py:1166)
2024-11-21 20:56:44,037 - ThreadPoolExecutor-24_0 - snowflake.connector.cursor - INFO - Number of results in first chunk: 1 (cursor.py:1166)
2024-11-21 20:56:44,246 - ThreadPoolExecutor-24_0 - snowflake.connector.cursor - INFO - Number of results in first chunk: 1 (cursor.py:1166)
2024-11-21 20:56:45,238 - ThreadPoolExecutor-24_0 - snowflake.connector.cursor - INFO - Number of results in first chunk: 1 (cursor.py:1166)
2024-11-21 20:56:46,452 - ThreadPoolExecutor-24_0 - snowflake.connector.cursor - INFO - Number of results in first chunk: 1 (cursor.py:1166)
2024-11-21 20:56:46,644 - ThreadPoolExecutor-24_0 - snowflake.connector.cursor - INFO - Number of results in first chunk: 1 (cursor.py:1166)
2024-11-21 20:56:46,665 - MainThread - snowflake.connector.connection - INFO - closed (connection.py:789)
2024-11-21 20:56:46,859 - MainThread - snowflake.connector.connection - INFO - No async queries seem to be running, deleting session (connection.py:795)
2024-11-21 20:56:47,050 - MainThread - snowflake.connector.connection - INFO - closed (connection.py:789)
2024-11-21 20:56:47,241 - MainThread - snowflake.connector.connection - INFO - No async queries seem to be running, deleting session (connection.py:795)
2024-11-21 20:56:47,411 - MainThread - sqlmesh.core.state_sync.engine_adapter - INFO - Promoting environment 'prod' (engine_adapter.py:266)
2024-11-21 20:56:47,747 - MainThread - snowflake.connector.cursor - INFO - Number of results in first chunk: 8 (cursor.py:1166)
2024-11-21 20:56:48,044 - MainThread - snowflake.connector.cursor - INFO - Number of results in first chunk: 1 (cursor.py:1166)
2024-11-21 20:56:50,142 - MainThread - snowflake.connector.cursor - INFO - Number of results in first chunk: 1 (cursor.py:1166)
2024-11-21 20:56:50,660 - MainThread - snowflake.connector.cursor - INFO - Number of results in first chunk: 1 (cursor.py:1166)
2024-11-21 20:56:50,875 - MainThread - snowflake.connector.cursor - INFO - Number of results in first chunk: 1 (cursor.py:1166)
2024-11-21 20:56:53,224 - MainThread - snowflake.connector.cursor - INFO - Number of results in first chunk: 1 (cursor.py:1166)
2024-11-21 20:56:53,576 - MainThread - snowflake.connector.cursor - INFO - Number of results in first chunk: 14 (cursor.py:1166)
2024-11-21 20:56:53,756 - MainThread - snowflake.connector.cursor - INFO - Number of results in first chunk: 1 (cursor.py:1166)
2024-11-21 20:56:54,004 - MainThread - snowflake.connector.cursor - INFO - Number of results in first chunk: 1 (cursor.py:1166)
2024-11-21 20:56:54,818 - MainThread - snowflake.connector.cursor - INFO - Number of results in first chunk: 1 (cursor.py:1166)
2024-11-21 20:56:56,096 - MainThread - snowflake.connector.cursor - INFO - Number of results in first chunk: 1 (cursor.py:1166)
2024-11-21 20:56:56,287 - MainThread - snowflake.connector.cursor - INFO - Number of results in first chunk: 1 (cursor.py:1166)
2024-11-21 20:56:56,504 - MainThread - snowflake.connector.cursor - INFO - Number of results in first chunk: 1 (cursor.py:1166)
2024-11-21 20:56:56,517 - MainThread - sqlmesh.core.state_sync.engine_adapter - INFO - Unpausing snapshot SnapshotId<"NB_DEMOS"."SQLMESH_EXAMPLE"."CUSTOM_TEST": 1327394133> (engine_adapter.py:435)
2024-11-21 20:56:57,128 - MainThread - snowflake.connector.cursor - INFO - Number of results in first chunk: 1 (cursor.py:1166)
2024-11-21 20:56:57,140 - MainThread - sqlmesh.core.snapshot.evaluator - INFO - Creating schema 'NB_DEMOS.SQLMESH_EXAMPLE' (evaluator.py:906)
2024-11-21 20:56:57,142 - MainThread - sqlmesh.core.engine_adapter.base - INFO - Executing SQL: CREATE SCHEMA IF NOT EXISTS "NB_DEMOS"."SQLMESH_EXAMPLE" (base.py:2062)
2024-11-21 20:56:57,292 - MainThread - snowflake.connector.cursor - INFO - Number of results in first chunk: 1 (cursor.py:1166)
2024-11-21 20:56:57,444 - MainThread - snowflake.connector.cursor - INFO - Number of results in first chunk: 1 (cursor.py:1166)
2024-11-21 20:56:57,448 - ThreadPoolExecutor-43_0 - sqlmesh.core.snapshot.evaluator - INFO - Updating view 'NB_DEMOS.SQLMESH_EXAMPLE.CUSTOM_TEST' to point at table 'NB_DEMOS.sqlmesh__SQLMESH_EXAMPLE.SQLMESH_EXAMPLE__CUSTOM_TEST__4174239280' (evaluator.py:1162)
2024-11-21 20:56:57,451 - ThreadPoolExecutor-43_0 - snowflake.connector.connection - INFO - Snowflake Connector for Python Version: 3.12.3, Python Version: 3.10.2, Platform: Windows-10-10.0.19045-SP0 (connection.py:414)
2024-11-21 20:56:57,452 - ThreadPoolExecutor-43_0 - snowflake.connector.connection - INFO - Connecting to GLOBAL Snowflake domain (connection.py:1197)
2024-11-21 20:56:57,452 - ThreadPoolExecutor-43_0 - snowflake.connector.connection - INFO - This connection is in OCSP Fail Open Mode. TLS Certificates would be checked for validity and revocation status. Any other Certificate Revocation related exceptions or OCSP Responder failures would be disregarded in favor of connectivity. (connection.py:1278)
2024-11-21 20:56:59,073 - ThreadPoolExecutor-43_0 - sqlmesh.core.engine_adapter.base - INFO - Executing SQL: CREATE OR REPLACE VIEW "NB_DEMOS"."SQLMESH_EXAMPLE"."CUSTOM_TEST" COPY GRANTS AS SELECT * FROM "NB_DEMOS"."sqlmesh__SQLMESH_EXAMPLE"."SQLMESH_EXAMPLE__CUSTOM_TEST__4174239280" (base.py:2062)
2024-11-21 20:56:59,322 - ThreadPoolExecutor-43_0 - snowflake.connector.cursor - INFO - Number of results in first chunk: 1 (cursor.py:1166)
2024-11-21 20:56:59,484 - ThreadPoolExecutor-43_0 - snowflake.connector.cursor - INFO - Number of results in first chunk: 1 (cursor.py:1166)
2024-11-21 20:56:59,495 - MainThread - snowflake.connector.connection - INFO - closed (connection.py:789)
2024-11-21 20:56:59,622 - MainThread - snowflake.connector.connection - INFO - No async queries seem to be running, deleting session (connection.py:795)
2024-11-21 20:56:59,755 - MainThread - sqlmesh.core.state_sync.engine_adapter - INFO - Finalizing environment 'prod' (engine_adapter.py:387)
2024-11-21 20:56:59,992 - MainThread - snowflake.connector.cursor - INFO - Number of results in first chunk: 1 (cursor.py:1166)
2024-11-21 20:57:00,705 - MainThread - snowflake.connector.cursor - INFO - Number of results in first chunk: 1 (cursor.py:1166)
2024-11-21 20:57:00,726 - MainThread - snowflake.connector.connection - INFO - closed (connection.py:789)
2024-11-21 20:57:00,845 - MainThread - snowflake.connector.connection - INFO - No async queries seem to be running, deleting session (connection.py:795)
2024-11-21 20:57:00,983 - MainThread - snowflake.connector.connection - INFO - closed (connection.py:789)
2024-11-21 20:57:01,129 - MainThread - snowflake.connector.connection - INFO - No async queries seem to be running, deleting session (connection.py:795)
2024-11-21 20:57:01,406 - MainThread - root - INFO - Shutting down the event dispatcher (dispatcher.py:159)
